<?xml version="1.0" encoding="UTF-8"?>
<!-- Generated by org.testng.reporters.JUnitReportReporter -->
<testsuite skipped="0" hostname="ShahRidzuan" name="exercise2.AgodaTestExercise3" tests="5" failures="0" timestamp="10 Feb 2019 13:42:16 GMT" time="75.622" errors="0">
  <testcase name="TestUrlParameter" time="21.899" classname="exercise2.AgodaTestExercise3"/>
  <testcase name="TestUrlParameter" time="15.216" classname="exercise2.AgodaTestExercise3"/>
  <testcase name="TestUrlParameter" time="12.412" classname="exercise2.AgodaTestExercise3"/>
  <testcase name="TestUrlParameter" time="12.336" classname="exercise2.AgodaTestExercise3"/>
  <testcase name="TestUrlParameter" time="13.759" classname="exercise2.AgodaTestExercise3"/>
</testsuite> <!-- exercise2.AgodaTestExercise3 -->
