<?xml version="1.0" encoding="UTF-8"?>
<!-- Generated by org.testng.reporters.JUnitReportReporter -->
<testsuite skipped="0" hostname="ShahRidzuan" name="exercise2.AgodaTestExercise3" tests="4" failures="0" timestamp="09 Feb 2019 12:27:41 GMT" time="61.667" errors="0">
  <testcase name="TestUrlParameter" time="18.068" classname="exercise2.AgodaTestExercise3"/>
  <testcase name="TestUrlParameter" time="13.382" classname="exercise2.AgodaTestExercise3"/>
  <testcase name="TestUrlParameter" time="16.703" classname="exercise2.AgodaTestExercise3"/>
  <testcase name="TestUrlParameter" time="13.514" classname="exercise2.AgodaTestExercise3"/>
</testsuite> <!-- exercise2.AgodaTestExercise3 -->
