<?xml version="1.0" encoding="UTF-8"?>
<!-- Generated by org.testng.reporters.JUnitReportReporter -->
<testsuite hostname="ShahRidzuan" name="exercise1.OpenChromeBrowser" tests="1" failures="0" timestamp="6 Feb 2019 10:55:49 GMT" time="10.303" errors="0">
  <testcase name="chrome" time="10.303" classname="exercise1.OpenChromeBrowser"/>
</testsuite> <!-- exercise1.OpenChromeBrowser -->
