<?xml version="1.0" encoding="UTF-8"?>
<!-- Generated by org.testng.reporters.JUnitReportReporter -->
<testsuite hostname="ShahRidzuan" name="exercise2.AgodaTestExercise2" tests="1" failures="0" timestamp="6 Feb 2019 10:55:49 GMT" time="25.177" errors="0">
  <testcase name="OpenNewTab" time="25.177" classname="exercise2.AgodaTestExercise2"/>
</testsuite> <!-- exercise2.AgodaTestExercise2 -->
