<?xml version="1.0" encoding="UTF-8"?>
<!-- Generated by org.testng.reporters.JUnitReportReporter -->
<testsuite skipped="0" hostname="ShahRidzuan" name="exercise2.AgodaTestExercise3" tests="1" failures="0" timestamp="06 Feb 2019 15:36:15 GMT" time="19.133" errors="0">
  <testcase name="TestUrlParameter" time="19.133" classname="exercise2.AgodaTestExercise3"/>
</testsuite> <!-- exercise2.AgodaTestExercise3 -->
