<?xml version="1.0" encoding="UTF-8"?>
<!-- Generated by org.testng.reporters.JUnitReportReporter -->
<testsuite skipped="0" hostname="ShahRidzuan" name="exercise2.AgodaTestExercise1" tests="2" failures="0" timestamp="06 Feb 2019 15:36:15 GMT" time="33.334" errors="0">
  <testcase name="SearchResult" time="22.098" classname="exercise2.AgodaTestExercise1"/>
  <testcase name="VerifiedTitle" time="11.236" classname="exercise2.AgodaTestExercise1"/>
</testsuite> <!-- exercise2.AgodaTestExercise1 -->
