<?xml version="1.0" encoding="UTF-8"?>
<!-- Generated by org.testng.reporters.JUnitReportReporter -->
<testsuite hostname="ShahRidzuan" name="exercise1.OpenMozillaBrowser" tests="1" failures="0" timestamp="6 Feb 2019 10:55:49 GMT" time="6.537" errors="0">
  <testcase name="mozilla" time="6.537" classname="exercise1.OpenMozillaBrowser"/>
</testsuite> <!-- exercise1.OpenMozillaBrowser -->
