<?xml version="1.0" encoding="UTF-8"?>
<!-- Generated by org.testng.reporters.JUnitReportReporter -->
<testsuite skipped="0" hostname="ShahRidzuan" name="exercise3.LazadaTestExercise1" tests="1" failures="0" timestamp="10 Feb 2019 13:22:21 GMT" time="0.013" errors="0">
  <testcase name="getProperties" time="0.013" classname="exercise3.LazadaTestExercise1"/>
</testsuite> <!-- exercise3.LazadaTestExercise1 -->
