<?xml version="1.0" encoding="UTF-8"?>
<!-- Generated by org.testng.reporters.JUnitReportReporter -->
<testsuite skipped="0" hostname="ShahRidzuan" name="exercise3.LazadaTestExercise1" tests="2" failures="1" timestamp="15 Feb 2019 19:52:23 GMT" time="12.902" errors="0">
  <testcase name="TestCase01" time="7.307" classname="exercise3.LazadaTestExercise1"/>
  <testcase name="TestCase03" time="5.595" classname="exercise3.LazadaTestExercise1">
    <failure type="java.lang.AssertionError" message="expected [Test] but found [Lazada.com.my: Online Shopping Malaysia - Mobiles, Tablets, Home Appliances, TV, Audio &amp; More]">
      <![CDATA[java.lang.AssertionError: expected [Test] but found [Lazada.com.my: Online Shopping Malaysia - Mobiles, Tablets, Home Appliances, TV, Audio & More]
at org.testng.Assert.fail(Assert.java:96)
at org.testng.Assert.failNotEquals(Assert.java:776)
at org.testng.Assert.assertEqualsImpl(Assert.java:137)
at org.testng.Assert.assertEquals(Assert.java:118)
at org.testng.Assert.assertEquals(Assert.java:453)
at org.testng.Assert.assertEquals(Assert.java:463)
at exercise3.LazadaTestExercise1.TestCase03(LazadaTestExercise1.java:71)
at sun.reflect.NativeMethodAccessorImpl.invoke0(Native Method)
at sun.reflect.NativeMethodAccessorImpl.invoke(Unknown Source)
at sun.reflect.DelegatingMethodAccessorImpl.invoke(Unknown Source)
at java.lang.reflect.Method.invoke(Unknown Source)
at org.testng.internal.MethodInvocationHelper.invokeMethod(MethodInvocationHelper.java:124)
at org.testng.internal.InvokeMethodRunnable.runOne(InvokeMethodRunnable.java:54)
at org.testng.internal.InvokeMethodRunnable.run(InvokeMethodRunnable.java:44)
at java.util.concurrent.Executors$RunnableAdapter.call(Unknown Source)
at java.util.concurrent.FutureTask.run(Unknown Source)
at java.util.concurrent.ThreadPoolExecutor.runWorker(Unknown Source)
at java.util.concurrent.ThreadPoolExecutor$Worker.run(Unknown Source)
at java.lang.Thread.run(Unknown Source)
]]>
    </failure>
  </testcase> <!-- TestCase03 -->
</testsuite> <!-- exercise3.LazadaTestExercise1 -->
