<?xml version="1.0" encoding="UTF-8"?>
<!-- Generated by org.testng.reporters.JUnitReportReporter -->
<testsuite skipped="0" hostname="ShahRidzuan" name="exercise2.AgodaTestExercise1" tests="2" failures="0" timestamp="06 Feb 2019 14:33:17 GMT" time="44.192" errors="0">
  <testcase name="SearchResult" time="29.963" classname="exercise2.AgodaTestExercise1"/>
  <testcase name="VerifiedTitle" time="14.229" classname="exercise2.AgodaTestExercise1"/>
</testsuite> <!-- exercise2.AgodaTestExercise1 -->
