<?xml version="1.0" encoding="UTF-8"?>
<!-- Generated by org.testng.reporters.JUnitReportReporter -->
<testsuite skipped="0" hostname="ShahRidzuan" name="exercise2.AgodaTestExercise2" tests="1" failures="0" timestamp="06 Feb 2019 14:33:17 GMT" time="19.500" errors="0">
  <testcase name="OpenNewTab" time="19.500" classname="exercise2.AgodaTestExercise2"/>
</testsuite> <!-- exercise2.AgodaTestExercise2 -->
