<?xml version="1.0" encoding="UTF-8"?>
<!-- Generated by org.testng.reporters.JUnitReportReporter -->
<testsuite skipped="0" hostname="ShahRidzuan" name="exercise1.OpenMozillaBrowser" tests="1" failures="0" timestamp="06 Feb 2019 15:36:15 GMT" time="6.114" errors="0">
  <testcase name="mozilla" time="6.114" classname="exercise1.OpenMozillaBrowser"/>
</testsuite> <!-- exercise1.OpenMozillaBrowser -->
