<?xml version="1.0" encoding="UTF-8"?>
<!-- Generated by org.testng.reporters.JUnitReportReporter -->
<testsuite skipped="0" hostname="ShahRidzuan" name="exercise3.LazadaTestExercise1" tests="1" failures="0" timestamp="15 Feb 2019 18:44:48 GMT" time="20.777" errors="0">
  <testcase name="getProperties" time="20.777" classname="exercise3.LazadaTestExercise1"/>
</testsuite> <!-- exercise3.LazadaTestExercise1 -->
