<?xml version="1.0" encoding="UTF-8"?>
<!-- Generated by org.testng.reporters.JUnitReportReporter -->
<testsuite skipped="0" hostname="ShahRidzuan" name="exercise1.OpenChromeBrowser" tests="1" failures="0" timestamp="06 Feb 2019 14:33:17 GMT" time="5.851" errors="0">
  <testcase name="chrome" time="5.851" classname="exercise1.OpenChromeBrowser"/>
</testsuite> <!-- exercise1.OpenChromeBrowser -->
